<?xml version="1.0" encoding="UTF-8"?>
<testng-results ignored="0" total="2" passed="2" failed="0" skipped="0">
  <reporter-output>
  </reporter-output>
  <suite started-at="2026-05-16T18:48:21 IST" name="Default suite" finished-at="2026-05-16T18:48:35 IST" duration-ms="14498">
    <groups>
    </groups>
    <test started-at="2026-05-16T18:48:21 IST" name="Default test" finished-at="2026-05-16T18:48:35 IST" duration-ms="14498">
      <class name="tests.LoginTest">
        <test-method is-config="true" signature="startReport()[pri:0, instance:tests.LoginTest@7eac9008]" started-at="2026-05-16T18:48:20 IST" name="startReport" finished-at="2026-05-16T18:48:21 IST" duration-ms="222" status="PASS">
          <reporter-output>
          </reporter-output>
        </test-method> <!-- startReport -->
        <test-method is-config="true" signature="setup(java.lang.reflect.Method)[pri:0, instance:tests.LoginTest@7eac9008]" started-at="2026-05-16T18:48:21 IST" name="setup" finished-at="2026-05-16T18:48:28 IST" duration-ms="7605" status="PASS">
          <params>
            <param index="0">
              <value>
                <![CDATA[public void tests.LoginTest.validatePageTitle()]]>
              </value>
            </param>
          </params>
          <reporter-output>
          </reporter-output>
        </test-method> <!-- setup -->
        <test-method signature="validatePageTitle()[pri:1, instance:tests.LoginTest@7eac9008]" started-at="2026-05-16T18:48:28 IST" name="validatePageTitle" finished-at="2026-05-16T18:48:28 IST" duration-ms="25" status="PASS">
          <reporter-output>
          </reporter-output>
        </test-method> <!-- validatePageTitle -->
        <test-method is-config="true" signature="tearDown(org.testng.ITestResult)[pri:0, instance:tests.LoginTest@7eac9008]" started-at="2026-05-16T18:48:28 IST" name="tearDown" finished-at="2026-05-16T18:48:29 IST" duration-ms="921" status="PASS">
          <params>
            <param index="0">
              <value>
                <![CDATA[[TestResult name=validatePageTitle status=SUCCESS method=LoginTest.validatePageTitle()[pri:1, instance:tests.LoginTest@7eac9008] output={null}]]]>
              </value>
            </param>
          </params>
          <reporter-output>
          </reporter-output>
        </test-method> <!-- tearDown -->
        <test-method is-config="true" signature="setup(java.lang.reflect.Method)[pri:0, instance:tests.LoginTest@7eac9008]" started-at="2026-05-16T18:48:29 IST" name="setup" finished-at="2026-05-16T18:48:34 IST" duration-ms="4671" status="PASS">
          <params>
            <param index="0">
              <value>
                <![CDATA[public void tests.LoginTest.validateLogin()]]>
              </value>
            </param>
          </params>
          <reporter-output>
          </reporter-output>
        </test-method> <!-- setup -->
        <test-method signature="validateLogin()[pri:2, instance:tests.LoginTest@7eac9008]" started-at="2026-05-16T18:48:34 IST" name="validateLogin" finished-at="2026-05-16T18:48:34 IST" duration-ms="330" status="PASS">
          <reporter-output>
          </reporter-output>
        </test-method> <!-- validateLogin -->
        <test-method is-config="true" signature="tearDown(org.testng.ITestResult)[pri:0, instance:tests.LoginTest@7eac9008]" started-at="2026-05-16T18:48:34 IST" name="tearDown" finished-at="2026-05-16T18:48:35 IST" duration-ms="909" status="PASS">
          <params>
            <param index="0">
              <value>
                <![CDATA[[TestResult name=validateLogin status=SUCCESS method=LoginTest.validateLogin()[pri:2, instance:tests.LoginTest@7eac9008] output={null}]]]>
              </value>
            </param>
          </params>
          <reporter-output>
          </reporter-output>
        </test-method> <!-- tearDown -->
        <test-method is-config="true" signature="closeReport()[pri:0, instance:tests.LoginTest@7eac9008]" started-at="2026-05-16T18:48:35 IST" name="closeReport" finished-at="2026-05-16T18:48:35 IST" duration-ms="260" status="PASS">
          <reporter-output>
          </reporter-output>
        </test-method> <!-- closeReport -->
      </class> <!-- tests.LoginTest -->
    </test> <!-- Default test -->
  </suite> <!-- Default suite -->
</testng-results>
